2025-12-22 12:35:53,769 - INFO - Loading Excel file: c:\Users\imatta\Downloads\mik\Compare_2025_2002_list_for_duplicates.xlsx
2025-12-22 12:36:06,725 - INFO - Available sheets: ['2025_LIST', '2002_LIST']
2025-12-22 12:37:36,925 - INFO - Loaded 2025_LIST: 1059 rows
2025-12-22 12:37:36,925 - INFO - Loaded 2002_LIST: 430263 rows
2025-12-22 12:37:37,115 - INFO - After cleaning - 2025_LIST: 1059 rows
2025-12-22 12:37:37,119 - INFO - After cleaning - 2002_LIST: 430263 rows
2025-12-22 12:37:37,120 - INFO - Starting name comparison...
2025-12-22 12:37:50,603 - INFO - Comparing names using fuzzy matching...
2025-12-22 13:32:30,788 - INFO - Found 517 potential duplicates
2025-12-22 13:32:30,792 - INFO - Exact matches: 142
2025-12-22 13:32:30,792 - INFO - Fuzzy matches: 375
2025-12-22 13:32:30,792 - INFO - No matches: 542
2025-12-22 13:32:31,017 - INFO - Exporting results to: Compare_2025_2002_list_for_duplicates_duplicates_20251222_133231.xlsx
2025-12-22 13:32:31,230 - INFO - Results exported successfully to: Compare_2025_2002_list_for_duplicates_duplicates_20251222_133231.xlsx
2025-12-22 20:15:54,638 - INFO - Loading Excel file: c:\Users\imatta\Downloads\mik\Compare_2025_2002_list_for_duplicates.xlsx
2025-12-22 20:16:07,545 - INFO - Available sheets: ['2025_LIST', '2002_LIST']
2025-12-22 20:17:44,003 - INFO - Loaded 2025_LIST: 1059 rows
2025-12-22 20:17:44,003 - INFO - Loaded 2002_LIST: 430263 rows
2025-12-22 20:17:44,242 - INFO - After cleaning - 2025_LIST: 1059 rows
2025-12-22 20:17:44,242 - INFO - After cleaning - 2002_LIST: 430263 rows
2025-12-22 20:17:44,242 - WARNING - No primary key column detected. Will use sequential numbering for duplicate_id.
2025-12-22 20:17:44,242 - INFO - Starting name comparison...
2025-12-22 20:18:06,430 - INFO - Comparing names using fuzzy matching...
2025-12-22 21:21:23,549 - INFO - Found 1016 potential duplicates
2025-12-22 21:21:23,557 - INFO - Exact matches: 142
2025-12-22 21:21:23,557 - INFO - Fuzzy matches: 874
2025-12-22 21:21:23,558 - INFO - No matches: 43
2025-12-22 21:21:24,090 - INFO - Exporting results to: Compare_2025_2002_list_for_duplicates_duplicates_20251222_212124.xlsx
2025-12-22 21:21:24,544 - INFO - Results exported successfully to: Compare_2025_2002_list_for_duplicates_duplicates_20251222_212124.xlsx
2025-12-22 22:17:24,291 - INFO - Loading Excel file: c:\Users\imatta\Downloads\MIK_2025_2002_formated_raw_data.xlsx
2025-12-22 22:17:37,472 - INFO - Available sheets: ['2025_LIST', '2002_LIST']
2025-12-22 22:19:03,669 - INFO - Loaded 2025_LIST: 1059 rows
2025-12-22 22:19:03,669 - INFO - Loaded 2002_LIST: 430263 rows
2025-12-22 22:19:03,879 - INFO - After cleaning - 2025_LIST: 1059 rows
2025-12-22 22:19:03,879 - INFO - After cleaning - 2002_LIST: 430263 rows
2025-12-22 22:19:03,882 - INFO - Detected primary key column: 'Serial number'
2025-12-22 22:19:03,882 - INFO - Starting name comparison...
2025-12-22 22:19:17,503 - INFO - Comparing names using fuzzy matching...
2025-12-22 23:07:56,967 - INFO - Found 1016 potential duplicates
2025-12-22 23:07:56,968 - INFO - Exact matches: 142
2025-12-22 23:07:56,968 - INFO - Fuzzy matches: 874
2025-12-22 23:07:56,968 - INFO - No matches: 43
2025-12-22 23:07:57,093 - INFO - Exporting results to: MIK_2025_2002_formated_raw_data_duplicates_20251222_230757.xlsx
2025-12-22 23:07:57,319 - INFO - Results exported successfully to: MIK_2025_2002_formated_raw_data_duplicates_20251222_230757.xlsx
2025-12-23 08:52:22,758 - INFO - [31m[1mWARNING: This is a development server. Do not use it in a production deployment. Use a production WSGI server instead.[0m
 * Running on all addresses (0.0.0.0)
 * Running on http://127.0.0.1:5000
 * Running on http://192.168.12.231:5000
2025-12-23 08:52:22,759 - INFO - [33mPress CTRL+C to quit[0m
2025-12-23 08:52:22,759 - INFO -  * Restarting with stat
2025-12-23 08:52:24,295 - WARNING -  * Debugger is active!
2025-12-23 08:52:24,310 - INFO -  * Debugger PIN: 982-701-107
2025-12-23 08:52:33,277 - INFO - 127.0.0.1 - - [23/Dec/2025 08:52:33] "GET / HTTP/1.1" 200 -
2025-12-23 08:52:33,390 - INFO - 127.0.0.1 - - [23/Dec/2025 08:52:33] "[33mGET /favicon.ico HTTP/1.1[0m" 404 -
2025-12-23 08:55:27,667 - INFO - Loading Excel file: C:\Users\imatta\AppData\Local\Temp\elector_uploads_ij2bu2p9\MIK_2025_2002_formated_raw_data.xlsx
2025-12-23 08:55:32,748 - INFO - 127.0.0.1 - - [23/Dec/2025 08:55:32] "[33mGET /.well-known/appspecific/com.chrome.devtools.json HTTP/1.1[0m" 404 -
2025-12-23 08:55:42,805 - INFO - Available sheets: ['2025_LIST', '2002_LIST']
2025-12-23 08:57:15,420 - INFO - Loaded 2025_LIST: 1059 rows
2025-12-23 08:57:15,420 - INFO - Loaded 2002_LIST: 430263 rows
2025-12-23 08:57:15,758 - INFO - After cleaning - 2025_LIST: 1059 rows
2025-12-23 08:57:15,759 - INFO - After cleaning - 2002_LIST: 430263 rows
2025-12-23 08:57:15,762 - INFO - Detected primary key column: 'Serial number'
2025-12-23 08:57:15,762 - INFO - Starting name comparison...
2025-12-23 08:57:37,821 - INFO - Comparing names using fuzzy matching...
2025-12-23 09:57:29,431 - INFO - Found 517 potential duplicates
2025-12-23 09:57:29,431 - INFO - Exact matches: 142
2025-12-23 09:57:29,431 - INFO - Fuzzy matches: 375
2025-12-23 09:57:29,431 - INFO - No matches: 542
2025-12-23 09:57:29,526 - INFO - Exporting results to: MIK_2025_2002_formated_raw_data_duplicates_20251223_095729.xlsx
2025-12-23 09:57:29,667 - INFO - Results exported successfully to: MIK_2025_2002_formated_raw_data_duplicates_20251223_095729.xlsx
2025-12-23 09:57:29,729 - INFO - 127.0.0.1 - - [23/Dec/2025 09:57:29] "POST /upload HTTP/1.1" 200 -
2025-12-23 09:57:30,109 - INFO - 127.0.0.1 - - [23/Dec/2025 09:57:30] "[33mGET /.well-known/appspecific/com.chrome.devtools.json HTTP/1.1[0m" 404 -
